android/app/build/intermediates/manifest_merge_blame_file/debug/manifest-merger-blame-debug-report.txt
1<?xml version="1.0" encoding="utf-8"?>
2<manifest xmlns:android="http://schemas.android.com/apk/res/android"
3    package="com.verdadomito"
4    android:versionCode="1"
5    android:versionName="1.0" >
6
7    <uses-sdk
8        android:minSdkVersion="21"
9        android:targetSdkVersion="33" />
10
11    <uses-permission android:name="android.permission.SYSTEM_ALERT_WINDOW" />
11-->src/debug/AndroidManifest.xml:5:5-77
11-->src/debug/AndroidManifest.xml:5:22-75
12    <uses-permission android:name="android.permission.INTERNET" />
12-->src/main/AndroidManifest.xml:3:5-67
12-->src/main/AndroidManifest.xml:3:22-64
13    <uses-permission android:name="android.permission.RECORD_AUDIO" />
13-->src/main/AndroidManifest.xml:4:5-71
13-->src/main/AndroidManifest.xml:4:22-68
14    <uses-permission android:name="android.permission.MODIFY_AUDIO_SETTINGS" />
14-->src/main/AndroidManifest.xml:5:1-76
14-->src/main/AndroidManifest.xml:5:18-73
15    <uses-permission android:name="android.permission.ACCESS_WIFI_STATE" />
15-->[com.facebook.flipper:flipper:0.125.0] AndroidManifest.xml:16:5-76
15-->[com.facebook.flipper:flipper:0.125.0] AndroidManifest.xml:16:22-73
16    <uses-permission android:name="android.permission.WAKE_LOCK" />
16-->[:react-native-firebase_auth] AndroidManifest.xml:10:5-68
16-->[:react-native-firebase_auth] AndroidManifest.xml:10:22-65
17    <uses-permission android:name="android.permission.ACCESS_NETWORK_STATE" />
17-->[:react-native-firebase_auth] AndroidManifest.xml:11:5-79
17-->[:react-native-firebase_auth] AndroidManifest.xml:11:22-76
18    <uses-permission android:name="android.permission.POST_NOTIFICATIONS" /> <!-- Required by older versions of Google Play services to create IID tokens -->
18-->[com.google.firebase:firebase-messaging:23.1.1] AndroidManifest.xml:25:5-77
18-->[com.google.firebase:firebase-messaging:23.1.1] AndroidManifest.xml:25:22-74
19    <uses-permission android:name="com.google.android.c2dm.permission.RECEIVE" />
19-->[com.google.firebase:firebase-messaging:23.1.1] AndroidManifest.xml:28:5-82
19-->[com.google.firebase:firebase-messaging:23.1.1] AndroidManifest.xml:28:22-79
20
21    <application
21-->src/main/AndroidManifest.xml:7:5-26:19
22        android:name="com.verdadomito.MainApplication"
22-->src/main/AndroidManifest.xml:8:7-38
23        android:allowBackup="false"
23-->src/main/AndroidManifest.xml:12:7-34
24        android:appComponentFactory="androidx.core.app.CoreComponentFactory"
24-->[androidx.core:core:1.7.0] AndroidManifest.xml:24:18-86
25        android:debuggable="true"
26        android:icon="@mipmap/ic_launcher"
26-->src/main/AndroidManifest.xml:10:7-41
27        android:label="@string/app_name"
27-->src/main/AndroidManifest.xml:9:7-39
28        android:roundIcon="@mipmap/ic_launcher_round"
28-->src/main/AndroidManifest.xml:11:7-52
29        android:theme="@style/AppTheme"
29-->src/main/AndroidManifest.xml:13:7-38
30        android:usesCleartextTraffic="true" >
30-->src/debug/AndroidManifest.xml:8:9-44
31        <activity
31-->src/debug/AndroidManifest.xml:11:9-111
32            android:name="com.facebook.react.devsupport.DevSettingsActivity"
32-->src/debug/AndroidManifest.xml:11:19-83
33            android:exported="false" />
33-->src/debug/AndroidManifest.xml:11:84-108
34        <activity
34-->src/main/AndroidManifest.xml:14:7-25:18
35            android:name="com.verdadomito.MainActivity"
35-->src/main/AndroidManifest.xml:15:9-37
36            android:configChanges="keyboard|keyboardHidden|orientation|screenLayout|screenSize|smallestScreenSize|uiMode"
36-->src/main/AndroidManifest.xml:17:9-118
37            android:exported="true"
37-->src/main/AndroidManifest.xml:20:9-32
38            android:label="@string/app_name"
38-->src/main/AndroidManifest.xml:16:9-41
39            android:launchMode="singleTask"
39-->src/main/AndroidManifest.xml:18:9-40
40            android:windowSoftInputMode="adjustResize" >
40-->src/main/AndroidManifest.xml:19:9-51
41            <intent-filter>
41-->src/main/AndroidManifest.xml:21:9-24:25
42                <action android:name="android.intent.action.MAIN" />
42-->src/main/AndroidManifest.xml:22:13-65
42-->src/main/AndroidManifest.xml:22:21-62
43
44                <category android:name="android.intent.category.LAUNCHER" />
44-->src/main/AndroidManifest.xml:23:13-73
44-->src/main/AndroidManifest.xml:23:23-70
45            </intent-filter>
46        </activity>
47
48        <service
48-->[:react-native-firebase_messaging] AndroidManifest.xml:14:9-16:40
49            android:name="io.invertase.firebase.messaging.ReactNativeFirebaseMessagingHeadlessService"
49-->[:react-native-firebase_messaging] AndroidManifest.xml:15:13-103
50            android:exported="false" />
50-->[:react-native-firebase_messaging] AndroidManifest.xml:16:13-37
51        <service
51-->[:react-native-firebase_messaging] AndroidManifest.xml:17:9-23:19
52            android:name="io.invertase.firebase.messaging.ReactNativeFirebaseMessagingService"
52-->[:react-native-firebase_messaging] AndroidManifest.xml:18:13-95
53            android:exported="false" >
53-->[:react-native-firebase_messaging] AndroidManifest.xml:19:13-37
54            <intent-filter>
54-->[:react-native-firebase_messaging] AndroidManifest.xml:20:13-22:29
55                <action android:name="com.google.firebase.MESSAGING_EVENT" />
55-->[:react-native-firebase_messaging] AndroidManifest.xml:21:17-78
55-->[:react-native-firebase_messaging] AndroidManifest.xml:21:25-75
56            </intent-filter>
57        </service>
58
59        <receiver
59-->[:react-native-firebase_messaging] AndroidManifest.xml:25:9-32:20
60            android:name="io.invertase.firebase.messaging.ReactNativeFirebaseMessagingReceiver"
60-->[:react-native-firebase_messaging] AndroidManifest.xml:26:13-96
61            android:exported="true"
61-->[:react-native-firebase_messaging] AndroidManifest.xml:27:13-36
62            android:permission="com.google.android.c2dm.permission.SEND" >
62-->[:react-native-firebase_messaging] AndroidManifest.xml:28:13-73
63            <intent-filter>
63-->[:react-native-firebase_messaging] AndroidManifest.xml:29:13-31:29
64                <action android:name="com.google.android.c2dm.intent.RECEIVE" />
64-->[:react-native-firebase_messaging] AndroidManifest.xml:30:17-81
64-->[:react-native-firebase_messaging] AndroidManifest.xml:30:25-78
65            </intent-filter>
66        </receiver>
67
68        <meta-data
68-->[:react-native-firebase_messaging] AndroidManifest.xml:34:9-36:36
69            android:name="firebase_messaging_auto_init_enabled"
69-->[:react-native-firebase_messaging] AndroidManifest.xml:35:13-64
70            android:value="true" />
70-->[:react-native-firebase_messaging] AndroidManifest.xml:36:13-33
71        <meta-data
71-->[:react-native-firebase_messaging] AndroidManifest.xml:37:9-39:32
72            android:name="com.google.firebase.messaging.default_notification_channel_id"
72-->[:react-native-firebase_messaging] AndroidManifest.xml:38:13-89
73            android:value="" />
73-->[:react-native-firebase_messaging] AndroidManifest.xml:39:13-29
74        <meta-data
74-->[:react-native-firebase_messaging] AndroidManifest.xml:40:9-42:47
75            android:name="com.google.firebase.messaging.default_notification_color"
75-->[:react-native-firebase_messaging] AndroidManifest.xml:41:13-84
76            android:resource="@color/white" />
76-->[:react-native-firebase_messaging] AndroidManifest.xml:42:13-44
77        <meta-data
77-->[:react-native-firebase_app] AndroidManifest.xml:11:9-13:36
78            android:name="app_data_collection_default_enabled"
78-->[:react-native-firebase_app] AndroidManifest.xml:12:13-63
79            android:value="true" />
79-->[:react-native-firebase_app] AndroidManifest.xml:13:13-33
80
81        <service
81-->[:react-native-firebase_app] AndroidManifest.xml:15:9-23:19
82            android:name="com.google.firebase.components.ComponentDiscoveryService"
82-->[:react-native-firebase_app] AndroidManifest.xml:16:13-84
83            android:directBootAware="true"
83-->[:react-native-firebase_app] AndroidManifest.xml:17:13-43
84            android:exported="false" >
84-->[:react-native-firebase_app] AndroidManifest.xml:18:13-37
85            <meta-data
85-->[:react-native-firebase_app] AndroidManifest.xml:20:13-22:85
86                android:name="com.google.firebase.components:io.invertase.firebase.app.ReactNativeFirebaseAppRegistrar"
86-->[:react-native-firebase_app] AndroidManifest.xml:21:17-120
87                android:value="com.google.firebase.components.ComponentRegistrar" />
87-->[:react-native-firebase_app] AndroidManifest.xml:22:17-82
88            <meta-data
88-->[com.google.firebase:firebase-firestore:24.4.1] AndroidManifest.xml:19:13-21:85
89                android:name="com.google.firebase.components:com.google.firebase.firestore.FirestoreRegistrar"
89-->[com.google.firebase:firebase-firestore:24.4.1] AndroidManifest.xml:20:17-111
90                android:value="com.google.firebase.components.ComponentRegistrar" />
90-->[com.google.firebase:firebase-firestore:24.4.1] AndroidManifest.xml:21:17-82
91            <meta-data
91-->[com.google.firebase:firebase-auth:21.1.0] AndroidManifest.xml:67:13-69:85
92                android:name="com.google.firebase.components:com.google.firebase.auth.FirebaseAuthRegistrar"
92-->[com.google.firebase:firebase-auth:21.1.0] AndroidManifest.xml:68:17-109
93                android:value="com.google.firebase.components.ComponentRegistrar" />
93-->[com.google.firebase:firebase-auth:21.1.0] AndroidManifest.xml:69:17-82
94            <meta-data
94-->[com.google.firebase:firebase-messaging:23.1.1] AndroidManifest.xml:55:13-57:85
95                android:name="com.google.firebase.components:com.google.firebase.messaging.FirebaseMessagingRegistrar"
95-->[com.google.firebase:firebase-messaging:23.1.1] AndroidManifest.xml:56:17-119
96                android:value="com.google.firebase.components.ComponentRegistrar" />
96-->[com.google.firebase:firebase-messaging:23.1.1] AndroidManifest.xml:57:17-82
97            <meta-data
97-->[com.google.firebase:firebase-storage:20.1.0] AndroidManifest.xml:32:13-34:85
98                android:name="com.google.firebase.components:com.google.firebase.storage.StorageRegistrar"
98-->[com.google.firebase:firebase-storage:20.1.0] AndroidManifest.xml:33:17-107
99                android:value="com.google.firebase.components.ComponentRegistrar" />
99-->[com.google.firebase:firebase-storage:20.1.0] AndroidManifest.xml:34:17-82
100            <meta-data
100-->[com.google.firebase:firebase-database:20.1.0] AndroidManifest.xml:31:13-33:85
101                android:name="com.google.firebase.components:com.google.firebase.database.DatabaseRegistrar"
101-->[com.google.firebase:firebase-database:20.1.0] AndroidManifest.xml:32:17-109
102                android:value="com.google.firebase.components.ComponentRegistrar" />
102-->[com.google.firebase:firebase-database:20.1.0] AndroidManifest.xml:33:17-82
103            <meta-data
103-->[com.google.firebase:firebase-datatransport:18.1.7] AndroidManifest.xml:27:13-29:85
104                android:name="com.google.firebase.components:com.google.firebase.datatransport.TransportRegistrar"
104-->[com.google.firebase:firebase-datatransport:18.1.7] AndroidManifest.xml:28:17-115
105                android:value="com.google.firebase.components.ComponentRegistrar" />
105-->[com.google.firebase:firebase-datatransport:18.1.7] AndroidManifest.xml:29:17-82
106            <meta-data
106-->[com.google.firebase:firebase-installations:17.1.0] AndroidManifest.xml:17:13-19:85
107                android:name="com.google.firebase.components:com.google.firebase.installations.FirebaseInstallationsRegistrar"
107-->[com.google.firebase:firebase-installations:17.1.0] AndroidManifest.xml:18:17-127
108                android:value="com.google.firebase.components.ComponentRegistrar" />
108-->[com.google.firebase:firebase-installations:17.1.0] AndroidManifest.xml:19:17-82
109        </service>
110
111        <provider
111-->[:react-native-firebase_app] AndroidManifest.xml:25:9-29:38
112            android:name="io.invertase.firebase.app.ReactNativeFirebaseAppInitProvider"
112-->[:react-native-firebase_app] AndroidManifest.xml:26:13-88
113            android:authorities="com.verdadomito.reactnativefirebaseappinitprovider"
113-->[:react-native-firebase_app] AndroidManifest.xml:27:13-86
114            android:exported="false"
114-->[:react-native-firebase_app] AndroidManifest.xml:28:13-37
115            android:initOrder="99" />
115-->[:react-native-firebase_app] AndroidManifest.xml:29:13-35
116
117        <activity
117-->[com.google.android.gms:play-services-auth:20.3.0] AndroidManifest.xml:23:9-27:75
118            android:name="com.google.android.gms.auth.api.signin.internal.SignInHubActivity"
118-->[com.google.android.gms:play-services-auth:20.3.0] AndroidManifest.xml:24:13-93
119            android:excludeFromRecents="true"
119-->[com.google.android.gms:play-services-auth:20.3.0] AndroidManifest.xml:25:13-46
120            android:exported="false"
120-->[com.google.android.gms:play-services-auth:20.3.0] AndroidManifest.xml:26:13-37
121            android:theme="@android:style/Theme.Translucent.NoTitleBar" />
121-->[com.google.android.gms:play-services-auth:20.3.0] AndroidManifest.xml:27:13-72
122        <!--
123            Service handling Google Sign-In user revocation. For apps that do not integrate with
124            Google Sign-In, this service will never be started.
125        -->
126        <service
126-->[com.google.android.gms:play-services-auth:20.3.0] AndroidManifest.xml:33:9-37:51
127            android:name="com.google.android.gms.auth.api.signin.RevocationBoundService"
127-->[com.google.android.gms:play-services-auth:20.3.0] AndroidManifest.xml:34:13-89
128            android:exported="true"
128-->[com.google.android.gms:play-services-auth:20.3.0] AndroidManifest.xml:35:13-36
129            android:permission="com.google.android.gms.auth.api.signin.permission.REVOCATION_NOTIFICATION"
129-->[com.google.android.gms:play-services-auth:20.3.0] AndroidManifest.xml:36:13-107
130            android:visibleToInstantApps="true" />
130-->[com.google.android.gms:play-services-auth:20.3.0] AndroidManifest.xml:37:13-48
131
132        <activity
132-->[com.google.firebase:firebase-auth:21.1.0] AndroidManifest.xml:27:9-44:20
133            android:name="com.google.firebase.auth.internal.GenericIdpActivity"
133-->[com.google.firebase:firebase-auth:21.1.0] AndroidManifest.xml:28:13-80
134            android:excludeFromRecents="true"
134-->[com.google.firebase:firebase-auth:21.1.0] AndroidManifest.xml:29:13-46
135            android:exported="true"
135-->[com.google.firebase:firebase-auth:21.1.0] AndroidManifest.xml:30:13-36
136            android:launchMode="singleTask"
136-->[com.google.firebase:firebase-auth:21.1.0] AndroidManifest.xml:31:13-44
137            android:theme="@android:style/Theme.Translucent.NoTitleBar" >
137-->[com.google.firebase:firebase-auth:21.1.0] AndroidManifest.xml:32:13-72
138            <intent-filter>
138-->[com.google.firebase:firebase-auth:21.1.0] AndroidManifest.xml:33:13-43:29
139                <action android:name="android.intent.action.VIEW" />
139-->[com.google.firebase:firebase-auth:21.1.0] AndroidManifest.xml:34:17-69
139-->[com.google.firebase:firebase-auth:21.1.0] AndroidManifest.xml:34:25-66
140
141                <category android:name="android.intent.category.DEFAULT" />
141-->[com.google.firebase:firebase-auth:21.1.0] AndroidManifest.xml:36:17-76
141-->[com.google.firebase:firebase-auth:21.1.0] AndroidManifest.xml:36:27-73
142                <category android:name="android.intent.category.BROWSABLE" />
142-->[com.google.firebase:firebase-auth:21.1.0] AndroidManifest.xml:37:17-78
142-->[com.google.firebase:firebase-auth:21.1.0] AndroidManifest.xml:37:27-75
143
144                <data
144-->[com.google.firebase:firebase-auth:21.1.0] AndroidManifest.xml:39:17-42:51
145                    android:host="firebase.auth"
145-->[com.google.firebase:firebase-auth:21.1.0] AndroidManifest.xml:40:21-49
146                    android:path="/"
146-->[com.google.firebase:firebase-auth:21.1.0] AndroidManifest.xml:41:21-37
147                    android:scheme="genericidp" />
147-->[com.google.firebase:firebase-auth:21.1.0] AndroidManifest.xml:42:21-48
148            </intent-filter>
149        </activity>
150        <activity
150-->[com.google.firebase:firebase-auth:21.1.0] AndroidManifest.xml:45:9-62:20
151            android:name="com.google.firebase.auth.internal.RecaptchaActivity"
151-->[com.google.firebase:firebase-auth:21.1.0] AndroidManifest.xml:46:13-79
152            android:excludeFromRecents="true"
152-->[com.google.firebase:firebase-auth:21.1.0] AndroidManifest.xml:47:13-46
153            android:exported="true"
153-->[com.google.firebase:firebase-auth:21.1.0] AndroidManifest.xml:48:13-36
154            android:launchMode="singleTask"
154-->[com.google.firebase:firebase-auth:21.1.0] AndroidManifest.xml:49:13-44
155            android:theme="@android:style/Theme.Translucent.NoTitleBar" >
155-->[com.google.firebase:firebase-auth:21.1.0] AndroidManifest.xml:50:13-72
156            <intent-filter>
156-->[com.google.firebase:firebase-auth:21.1.0] AndroidManifest.xml:51:13-61:29
157                <action android:name="android.intent.action.VIEW" />
157-->[com.google.firebase:firebase-auth:21.1.0] AndroidManifest.xml:34:17-69
157-->[com.google.firebase:firebase-auth:21.1.0] AndroidManifest.xml:34:25-66
158
159                <category android:name="android.intent.category.DEFAULT" />
159-->[com.google.firebase:firebase-auth:21.1.0] AndroidManifest.xml:36:17-76
159-->[com.google.firebase:firebase-auth:21.1.0] AndroidManifest.xml:36:27-73
160                <category android:name="android.intent.category.BROWSABLE" />
160-->[com.google.firebase:firebase-auth:21.1.0] AndroidManifest.xml:37:17-78
160-->[com.google.firebase:firebase-auth:21.1.0] AndroidManifest.xml:37:27-75
161
162                <data
162-->[com.google.firebase:firebase-auth:21.1.0] AndroidManifest.xml:39:17-42:51
163                    android:host="firebase.auth"
163-->[com.google.firebase:firebase-auth:21.1.0] AndroidManifest.xml:40:21-49
164                    android:path="/"
164-->[com.google.firebase:firebase-auth:21.1.0] AndroidManifest.xml:41:21-37
165                    android:scheme="recaptcha" />
165-->[com.google.firebase:firebase-auth:21.1.0] AndroidManifest.xml:42:21-48
166            </intent-filter>
167        </activity>
168
169        <receiver
169-->[com.google.firebase:firebase-messaging:23.1.1] AndroidManifest.xml:31:9-38:20
170            android:name="com.google.firebase.iid.FirebaseInstanceIdReceiver"
170-->[com.google.firebase:firebase-messaging:23.1.1] AndroidManifest.xml:32:13-78
171            android:exported="true"
171-->[com.google.firebase:firebase-messaging:23.1.1] AndroidManifest.xml:33:13-36
172            android:permission="com.google.android.c2dm.permission.SEND" >
172-->[com.google.firebase:firebase-messaging:23.1.1] AndroidManifest.xml:34:13-73
173            <intent-filter>
173-->[:react-native-firebase_messaging] AndroidManifest.xml:29:13-31:29
174                <action android:name="com.google.android.c2dm.intent.RECEIVE" />
174-->[:react-native-firebase_messaging] AndroidManifest.xml:30:17-81
174-->[:react-native-firebase_messaging] AndroidManifest.xml:30:25-78
175            </intent-filter>
176        </receiver>
177        <!--
178             FirebaseMessagingService performs security checks at runtime,
179             but set to not exported to explicitly avoid allowing another app to call it.
180        -->
181        <service
181-->[com.google.firebase:firebase-messaging:23.1.1] AndroidManifest.xml:44:9-51:19
182            android:name="com.google.firebase.messaging.FirebaseMessagingService"
182-->[com.google.firebase:firebase-messaging:23.1.1] AndroidManifest.xml:45:13-82
183            android:directBootAware="true"
183-->[com.google.firebase:firebase-messaging:23.1.1] AndroidManifest.xml:46:13-43
184            android:exported="false" >
184-->[com.google.firebase:firebase-messaging:23.1.1] AndroidManifest.xml:47:13-37
185            <intent-filter android:priority="-500" >
185-->[:react-native-firebase_messaging] AndroidManifest.xml:20:13-22:29
186                <action android:name="com.google.firebase.MESSAGING_EVENT" />
186-->[:react-native-firebase_messaging] AndroidManifest.xml:21:17-78
186-->[:react-native-firebase_messaging] AndroidManifest.xml:21:25-75
187            </intent-filter>
188        </service>
189
190        <activity
190-->[com.google.android.gms:play-services-base:18.0.1] AndroidManifest.xml:20:9-22:45
191            android:name="com.google.android.gms.common.api.GoogleApiActivity"
191-->[com.google.android.gms:play-services-base:18.0.1] AndroidManifest.xml:20:19-85
192            android:exported="false"
192-->[com.google.android.gms:play-services-base:18.0.1] AndroidManifest.xml:22:19-43
193            android:theme="@android:style/Theme.Translucent.NoTitleBar" />
193-->[com.google.android.gms:play-services-base:18.0.1] AndroidManifest.xml:21:19-78
194
195        <provider
195-->[com.google.firebase:firebase-common:20.2.0] AndroidManifest.xml:25:9-30:39
196            android:name="com.google.firebase.provider.FirebaseInitProvider"
196-->[com.google.firebase:firebase-common:20.2.0] AndroidManifest.xml:26:13-77
197            android:authorities="com.verdadomito.firebaseinitprovider"
197-->[com.google.firebase:firebase-common:20.2.0] AndroidManifest.xml:27:13-72
198            android:directBootAware="true"
198-->[com.google.firebase:firebase-common:20.2.0] AndroidManifest.xml:28:13-43
199            android:exported="false"
199-->[com.google.firebase:firebase-common:20.2.0] AndroidManifest.xml:29:13-37
200            android:initOrder="100" />
200-->[com.google.firebase:firebase-common:20.2.0] AndroidManifest.xml:30:13-36
201
202        <meta-data
202-->[com.google.android.gms:play-services-basement:18.1.0] AndroidManifest.xml:21:9-23:69
203            android:name="com.google.android.gms.version"
203-->[com.google.android.gms:play-services-basement:18.1.0] AndroidManifest.xml:22:13-58
204            android:value="@integer/google_play_services_version" />
204-->[com.google.android.gms:play-services-basement:18.1.0] AndroidManifest.xml:23:13-66
205
206        <provider
206-->[androidx.emoji2:emoji2:1.0.0] AndroidManifest.xml:26:9-34:20
207            android:name="androidx.startup.InitializationProvider"
207-->[androidx.emoji2:emoji2:1.0.0] AndroidManifest.xml:27:13-67
208            android:authorities="com.verdadomito.androidx-startup"
208-->[androidx.emoji2:emoji2:1.0.0] AndroidManifest.xml:28:13-68
209            android:exported="false" >
209-->[androidx.emoji2:emoji2:1.0.0] AndroidManifest.xml:29:13-37
210            <meta-data
210-->[androidx.emoji2:emoji2:1.0.0] AndroidManifest.xml:31:13-33:52
211                android:name="androidx.emoji2.text.EmojiCompatInitializer"
211-->[androidx.emoji2:emoji2:1.0.0] AndroidManifest.xml:32:17-75
212                android:value="androidx.startup" />
212-->[androidx.emoji2:emoji2:1.0.0] AndroidManifest.xml:33:17-49
213            <meta-data
213-->[androidx.lifecycle:lifecycle-process:2.4.0] AndroidManifest.xml:31:13-33:52
214                android:name="androidx.lifecycle.ProcessLifecycleInitializer"
214-->[androidx.lifecycle:lifecycle-process:2.4.0] AndroidManifest.xml:32:17-78
215                android:value="androidx.startup" />
215-->[androidx.lifecycle:lifecycle-process:2.4.0] AndroidManifest.xml:33:17-49
216        </provider>
217
218        <service
218-->[com.google.android.datatransport:transport-backend-cct:3.1.8] AndroidManifest.xml:28:9-34:19
219            android:name="com.google.android.datatransport.runtime.backends.TransportBackendDiscovery"
219-->[com.google.android.datatransport:transport-backend-cct:3.1.8] AndroidManifest.xml:29:13-103
220            android:exported="false" >
220-->[com.google.android.datatransport:transport-backend-cct:3.1.8] AndroidManifest.xml:30:13-37
221            <meta-data
221-->[com.google.android.datatransport:transport-backend-cct:3.1.8] AndroidManifest.xml:31:13-33:39
222                android:name="backend:com.google.android.datatransport.cct.CctBackendFactory"
222-->[com.google.android.datatransport:transport-backend-cct:3.1.8] AndroidManifest.xml:32:17-94
223                android:value="cct" />
223-->[com.google.android.datatransport:transport-backend-cct:3.1.8] AndroidManifest.xml:33:17-36
224        </service>
225        <service
225-->[com.google.android.datatransport:transport-runtime:3.1.8] AndroidManifest.xml:26:9-30:19
226            android:name="com.google.android.datatransport.runtime.scheduling.jobscheduling.JobInfoSchedulerService"
226-->[com.google.android.datatransport:transport-runtime:3.1.8] AndroidManifest.xml:27:13-117
227            android:exported="false"
227-->[com.google.android.datatransport:transport-runtime:3.1.8] AndroidManifest.xml:28:13-37
228            android:permission="android.permission.BIND_JOB_SERVICE" >
228-->[com.google.android.datatransport:transport-runtime:3.1.8] AndroidManifest.xml:29:13-69
229        </service>
230
231        <receiver
231-->[com.google.android.datatransport:transport-runtime:3.1.8] AndroidManifest.xml:32:9-34:40
232            android:name="com.google.android.datatransport.runtime.scheduling.jobscheduling.AlarmManagerSchedulerBroadcastReceiver"
232-->[com.google.android.datatransport:transport-runtime:3.1.8] AndroidManifest.xml:33:13-132
233            android:exported="false" />
233-->[com.google.android.datatransport:transport-runtime:3.1.8] AndroidManifest.xml:34:13-37
234    </application>
235
236</manifest>